<?xml version="1.0" encoding="UTF-8"?>
<testsuite name="edu.jsu.mcis.TicTacToeTest" tests="1" skipped="0" failures="0" errors="0" timestamp="2015-02-05T04:41:04" hostname="June-PC" time="0.171">
  <properties/>
  <testcase name="testMain" classname="edu.jsu.mcis.TicTacToeTest" time="0.171"/>
  <system-out><![CDATA[main
]]></system-out>
  <system-err><![CDATA[]]></system-err>
</testsuite>
